2020-02-24 14:27:04,648 - 18 - DEBUG - 
 New log
2020-02-24 14:27:04,661 - 111 - INFO - \\TM-FS01\edu\3DDA_18\sem04\rokoko\04_production\Assets\characters\character_male\character_male\Export\modExport
2020-02-24 14:27:04,663 - 111 - INFO - \\TM-FS01\edu\3DDA_18\sem04\rokoko\04_production\Assets\characters\character_male\Export\modExport
2020-02-24 14:27:04,668 - 98 - INFO - No files in here
2020-02-24 14:27:04,670 - 98 - INFO - No files in here
2020-02-24 14:27:04,670 - 111 - INFO - \\TM-FS01\edu\3DDA_18\sem04\rokoko\04_production\Assets\characters\civilianWoman\civilianWoman\Export\modExport
2020-02-24 14:27:04,671 - 111 - INFO - \\TM-FS01\edu\3DDA_18\sem04\rokoko\04_production\Assets\characters\civilianWoman\Export\modExport
2020-02-24 14:27:04,674 - 111 - INFO - \\TM-FS01\edu\3DDA_18\sem04\rokoko\04_production\Assets\characters\classyLady\classyLady\Export\modExport
2020-02-24 14:27:04,684 - 111 - INFO - \\TM-FS01\edu\3DDA_18\sem04\rokoko\04_production\Assets\characters\classyLady\Export\modExport
2020-02-24 14:27:04,687 - 111 - INFO - \\TM-FS01\edu\3DDA_18\sem04\rokoko\04_production\Assets\characters\femaleBase\femaleBase\Export\modExport
2020-02-24 14:27:04,688 - 111 - INFO - \\TM-FS01\edu\3DDA_18\sem04\rokoko\04_production\Assets\characters\femaleBase\Export\modExport
2020-02-24 14:27:04,697 - 95 - INFO - File found:femaleBase_modExport_v0001.ma
2020-02-24 14:27:04,788 - 111 - INFO - \\TM-FS01\edu\3DDA_18\sem04\rokoko\04_production\Assets\characters\hobo\hobo\Export\modExport
2020-02-24 14:27:04,789 - 111 - INFO - \\TM-FS01\edu\3DDA_18\sem04\rokoko\04_production\Assets\characters\hobo\Export\modExport
2020-02-24 14:27:04,802 - 111 - INFO - \\TM-FS01\edu\3DDA_18\sem04\rokoko\04_production\Assets\characters\mafiaBoss\mafiaBoss\Export\modExport
2020-02-24 14:27:04,802 - 111 - INFO - \\TM-FS01\edu\3DDA_18\sem04\rokoko\04_production\Assets\characters\mafiaBoss\Export\modExport
2020-02-24 14:27:04,805 - 111 - INFO - \\TM-FS01\edu\3DDA_18\sem04\rokoko\04_production\Assets\characters\mafiasoldier\mafiasoldier\Export\modExport
2020-02-24 14:27:04,806 - 111 - INFO - \\TM-FS01\edu\3DDA_18\sem04\rokoko\04_production\Assets\characters\mafiasoldier\Export\modExport
2020-02-24 14:27:04,822 - 111 - INFO - \\TM-FS01\edu\3DDA_18\sem04\rokoko\04_production\Assets\props\backAllyWalls\Export\modExport
2020-02-24 14:27:04,823 - 176 - INFO - False
2020-02-24 14:27:04,825 - 111 - INFO - \\TM-FS01\edu\3DDA_18\sem04\rokoko\04_production\Assets\props\barCounterA\Export\modExport
2020-02-24 14:27:04,832 - 176 - INFO - False
2020-02-24 14:27:04,834 - 111 - INFO - \\TM-FS01\edu\3DDA_18\sem04\rokoko\04_production\Assets\props\barrelA\Export\modExport
2020-02-24 14:27:04,835 - 176 - INFO - False
2020-02-24 14:27:04,836 - 111 - INFO - \\TM-FS01\edu\3DDA_18\sem04\rokoko\04_production\Assets\props\basementStairCaseA\Export\modExport
2020-02-24 14:27:04,838 - 176 - INFO - False
2020-02-24 14:27:04,838 - 111 - INFO - \\TM-FS01\edu\3DDA_18\sem04\rokoko\04_production\Assets\props\bottleBeerAEmpty\Export\modExport
2020-02-24 14:27:04,841 - 176 - INFO - False
2020-02-24 14:27:04,842 - 111 - INFO - \\TM-FS01\edu\3DDA_18\sem04\rokoko\04_production\Assets\props\bottleBeerAFull\Export\modExport
2020-02-24 14:27:04,848 - 98 - INFO - No files in here
2020-02-24 14:27:04,848 - 176 - INFO - None
2020-02-24 14:27:04,848 - 111 - INFO - \\TM-FS01\edu\3DDA_18\sem04\rokoko\04_production\Assets\props\bottleBeerBEmpty\Export\modExport
2020-02-24 14:27:04,849 - 176 - INFO - False
2020-02-24 14:27:04,851 - 111 - INFO - \\TM-FS01\edu\3DDA_18\sem04\rokoko\04_production\Assets\props\bottleBeerBFull\Export\modExport
2020-02-24 14:27:04,852 - 176 - INFO - False
2020-02-24 14:27:04,852 - 111 - INFO - \\TM-FS01\edu\3DDA_18\sem04\rokoko\04_production\Assets\props\bottleBeerCEmpty\Export\modExport
2020-02-24 14:27:04,855 - 176 - INFO - False
2020-02-24 14:27:04,855 - 111 - INFO - \\TM-FS01\edu\3DDA_18\sem04\rokoko\04_production\Assets\props\bottleBeerCFull\Export\modExport
2020-02-24 14:27:04,865 - 176 - INFO - False
2020-02-24 14:27:04,867 - 111 - INFO - \\TM-FS01\edu\3DDA_18\sem04\rokoko\04_production\Assets\props\bottleWineAEmpty\Export\modExport
2020-02-24 14:27:04,868 - 176 - INFO - False
2020-02-24 14:27:04,868 - 111 - INFO - \\TM-FS01\edu\3DDA_18\sem04\rokoko\04_production\Assets\props\bottleWineAFull\Export\modExport
2020-02-24 14:27:04,869 - 176 - INFO - False
2020-02-24 14:27:04,871 - 111 - INFO - \\TM-FS01\edu\3DDA_18\sem04\rokoko\04_production\Assets\props\brickLargeA\Export\modExport
2020-02-24 14:27:04,872 - 176 - INFO - False
2020-02-24 14:27:04,874 - 111 - INFO - \\TM-FS01\edu\3DDA_18\sem04\rokoko\04_production\Assets\props\brickSmallA\Export\modExport
2020-02-24 14:27:04,882 - 176 - INFO - False
2020-02-24 14:27:04,884 - 111 - INFO - \\TM-FS01\edu\3DDA_18\sem04\rokoko\04_production\Assets\props\brickWallSet\Export\modExport
2020-02-24 14:27:04,885 - 176 - INFO - False
2020-02-24 14:27:04,887 - 111 - INFO - \\TM-FS01\edu\3DDA_18\sem04\rokoko\04_production\Assets\props\bucketA\Export\modExport
2020-02-24 14:27:04,890 - 176 - INFO - None
2020-02-24 14:27:04,891 - 111 - INFO - \\TM-FS01\edu\3DDA_18\sem04\rokoko\04_production\Assets\props\buildingDoorA\Export\modExport
2020-02-24 14:27:04,974 - 176 - INFO - False
2020-02-24 14:27:04,976 - 111 - INFO - \\TM-FS01\edu\3DDA_18\sem04\rokoko\04_production\Assets\props\chesterfieldCouchA\Export\modExport
2020-02-24 14:27:05,032 - 176 - INFO - False
2020-02-24 14:27:05,032 - 111 - INFO - \\TM-FS01\edu\3DDA_18\sem04\rokoko\04_production\Assets\props\clothesDryingOnRopeA\Export\modExport
2020-02-24 14:27:05,033 - 176 - INFO - False
2020-02-24 14:27:05,035 - 111 - INFO - \\TM-FS01\edu\3DDA_18\sem04\rokoko\04_production\Assets\props\clothesDryingOnRopeB\Export\modExport
2020-02-24 14:27:05,036 - 176 - INFO - False
2020-02-24 14:27:05,038 - 111 - INFO - \\TM-FS01\edu\3DDA_18\sem04\rokoko\04_production\Assets\props\clothesDryingOnRopeC\Export\modExport
2020-02-24 14:27:05,039 - 176 - INFO - False
2020-02-24 14:27:05,039 - 111 - INFO - \\TM-FS01\edu\3DDA_18\sem04\rokoko\04_production\Assets\props\coatRackA\Export\modExport
2020-02-24 14:27:05,040 - 176 - INFO - False
2020-02-24 14:27:05,042 - 111 - INFO - \\TM-FS01\edu\3DDA_18\sem04\rokoko\04_production\Assets\props\debrisA\Export\modExport
2020-02-24 14:27:05,049 - 176 - INFO - False
2020-02-24 14:27:05,049 - 111 - INFO - \\TM-FS01\edu\3DDA_18\sem04\rokoko\04_production\Assets\props\debrisB\Export\modExport
2020-02-24 14:27:05,051 - 176 - INFO - False
2020-02-24 14:27:05,052 - 111 - INFO - \\TM-FS01\edu\3DDA_18\sem04\rokoko\04_production\Assets\props\debrisC\Export\modExport
2020-02-24 14:27:05,052 - 176 - INFO - False
2020-02-24 14:27:05,053 - 111 - INFO - \\TM-FS01\edu\3DDA_18\sem04\rokoko\04_production\Assets\props\doorClubA\Export\modExport
2020-02-24 14:27:05,055 - 176 - INFO - False
2020-02-24 14:27:05,055 - 111 - INFO - \\TM-FS01\edu\3DDA_18\sem04\rokoko\04_production\Assets\props\drainPipeA\Export\modExport
2020-02-24 14:27:05,056 - 176 - INFO - False
2020-02-24 14:27:05,056 - 111 - INFO - \\TM-FS01\edu\3DDA_18\sem04\rokoko\04_production\Assets\props\fenchA\Export\modExport
2020-02-24 14:27:05,059 - 176 - INFO - False
2020-02-24 14:27:05,059 - 111 - INFO - \\TM-FS01\edu\3DDA_18\sem04\rokoko\04_production\Assets\props\fenchDoor\Export\modExport
2020-02-24 14:27:05,066 - 176 - INFO - False
2020-02-24 14:27:05,066 - 111 - INFO - \\TM-FS01\edu\3DDA_18\sem04\rokoko\04_production\Assets\props\fireEscapeA\Export\modExport
2020-02-24 14:27:05,069 - 176 - INFO - False
2020-02-24 14:27:05,069 - 111 - INFO - \\TM-FS01\edu\3DDA_18\sem04\rokoko\04_production\Assets\props\floorMap\Export\modExport
2020-02-24 14:27:05,071 - 176 - INFO - False
2020-02-24 14:27:05,071 - 111 - INFO - \\TM-FS01\edu\3DDA_18\sem04\rokoko\04_production\Assets\props\iceBucketA\Export\modExport
2020-02-24 14:27:05,072 - 176 - INFO - False
2020-02-24 14:27:05,073 - 111 - INFO - \\TM-FS01\edu\3DDA_18\sem04\rokoko\04_production\Assets\props\ladderA\Export\modExport
2020-02-24 14:27:05,075 - 176 - INFO - False
2020-02-24 14:27:05,075 - 111 - INFO - \\TM-FS01\edu\3DDA_18\sem04\rokoko\04_production\Assets\props\loungueSofaA\Export\modExport
2020-02-24 14:27:05,082 - 176 - INFO - False
2020-02-24 14:27:05,084 - 111 - INFO - \\TM-FS01\edu\3DDA_18\sem04\rokoko\04_production\Assets\props\neonSignTruemax\Export\modExport
2020-02-24 14:27:05,085 - 176 - INFO - False
2020-02-24 14:27:05,085 - 111 - INFO - \\TM-FS01\edu\3DDA_18\sem04\rokoko\04_production\Assets\props\officeWallA\Export\modExport
2020-02-24 14:27:05,088 - 176 - INFO - False
2020-02-24 14:27:05,088 - 111 - INFO - \\TM-FS01\edu\3DDA_18\sem04\rokoko\04_production\Assets\props\oilDrumA\Export\modExport
2020-02-24 14:27:05,088 - 176 - INFO - False
2020-02-24 14:27:05,089 - 111 - INFO - \\TM-FS01\edu\3DDA_18\sem04\rokoko\04_production\Assets\props\phoneA\Export\modExport
2020-02-24 14:27:05,091 - 176 - INFO - False
2020-02-24 14:27:05,092 - 111 - INFO - \\TM-FS01\edu\3DDA_18\sem04\rokoko\04_production\Assets\props\picketFenceA\Export\modExport
2020-02-24 14:27:05,098 - 176 - INFO - False
2020-02-24 14:27:05,099 - 111 - INFO - \\TM-FS01\edu\3DDA_18\sem04\rokoko\04_production\Assets\props\picketFenceB\Export\modExport
2020-02-24 14:27:05,101 - 176 - INFO - False
2020-02-24 14:27:05,101 - 111 - INFO - \\TM-FS01\edu\3DDA_18\sem04\rokoko\04_production\Assets\props\picketFenceC\Export\modExport
2020-02-24 14:27:05,104 - 176 - INFO - False
2020-02-24 14:27:05,104 - 111 - INFO - \\TM-FS01\edu\3DDA_18\sem04\rokoko\04_production\Assets\props\plankA\Export\modExport
2020-02-24 14:27:05,105 - 176 - INFO - False
2020-02-24 14:27:05,105 - 111 - INFO - \\TM-FS01\edu\3DDA_18\sem04\rokoko\04_production\Assets\props\plankB\Export\modExport
2020-02-24 14:27:05,115 - 176 - INFO - False
2020-02-24 14:27:05,115 - 111 - INFO - \\TM-FS01\edu\3DDA_18\sem04\rokoko\04_production\Assets\props\poorWallA\Export\modExport
2020-02-24 14:27:05,118 - 176 - INFO - False
2020-02-24 14:27:05,118 - 111 - INFO - \\TM-FS01\edu\3DDA_18\sem04\rokoko\04_production\Assets\props\redCarpetA\Export\modExport
2020-02-24 14:27:05,119 - 176 - INFO - False
2020-02-24 14:27:05,121 - 111 - INFO - \\TM-FS01\edu\3DDA_18\sem04\rokoko\04_production\Assets\props\roofRailingA\Export\modExport
2020-02-24 14:27:05,122 - 176 - INFO - False
2020-02-24 14:27:05,124 - 111 - INFO - \\TM-FS01\edu\3DDA_18\sem04\rokoko\04_production\Assets\props\roofRailingCornerA\Export\modExport
2020-02-24 14:27:05,125 - 176 - INFO - False
2020-02-24 14:27:05,125 - 111 - INFO - \\TM-FS01\edu\3DDA_18\sem04\rokoko\04_production\Assets\props\roofRailingcornerB\Export\modExport
2020-02-24 14:27:05,131 - 176 - INFO - False
2020-02-24 14:27:05,132 - 111 - INFO - \\TM-FS01\edu\3DDA_18\sem04\rokoko\04_production\Assets\props\sideWalkA\Export\modExport
2020-02-24 14:27:05,134 - 176 - INFO - False
2020-02-24 14:27:05,134 - 111 - INFO - \\TM-FS01\edu\3DDA_18\sem04\rokoko\04_production\Assets\props\smallWindowA\Export\modExport
2020-02-24 14:27:05,135 - 176 - INFO - False
2020-02-24 14:27:05,137 - 111 - INFO - \\TM-FS01\edu\3DDA_18\sem04\rokoko\04_production\Assets\props\stageA\Export\modExport
2020-02-24 14:27:05,138 - 176 - INFO - False
2020-02-24 14:27:05,138 - 111 - INFO - \\TM-FS01\edu\3DDA_18\sem04\rokoko\04_production\Assets\props\tableA\Export\modExport
2020-02-24 14:27:05,140 - 176 - INFO - False
2020-02-24 14:27:05,141 - 111 - INFO - \\TM-FS01\edu\3DDA_18\sem04\rokoko\04_production\Assets\props\tableLampA\Export\modExport
2020-02-24 14:27:05,150 - 176 - INFO - False
2020-02-24 14:27:05,150 - 111 - INFO - \\TM-FS01\edu\3DDA_18\sem04\rokoko\04_production\Assets\props\telephoneA\Export\modExport
2020-02-24 14:27:05,151 - 176 - INFO - False
2020-02-24 14:27:05,153 - 111 - INFO - \\TM-FS01\edu\3DDA_18\sem04\rokoko\04_production\Assets\props\tommyGunA\Export\modExport
2020-02-24 14:27:05,154 - 176 - INFO - False
2020-02-24 14:27:05,154 - 111 - INFO - \\TM-FS01\edu\3DDA_18\sem04\rokoko\04_production\Assets\props\trashBagA\Export\modExport
2020-02-24 14:27:05,155 - 176 - INFO - False
2020-02-24 14:27:05,157 - 111 - INFO - \\TM-FS01\edu\3DDA_18\sem04\rokoko\04_production\Assets\props\trashcanA\Export\modExport
2020-02-24 14:27:05,157 - 176 - INFO - False
2020-02-24 14:27:05,158 - 111 - INFO - \\TM-FS01\edu\3DDA_18\sem04\rokoko\04_production\Assets\props\trinetteKitchenA\Export\modExport
2020-02-24 14:27:05,164 - 176 - INFO - False
2020-02-24 14:27:05,165 - 111 - INFO - \\TM-FS01\edu\3DDA_18\sem04\rokoko\04_production\Assets\props\wallBaseA\Export\modExport
2020-02-24 14:27:05,167 - 176 - INFO - False
2020-02-24 14:27:05,167 - 111 - INFO - \\TM-FS01\edu\3DDA_18\sem04\rokoko\04_production\Assets\props\wallClubA\Export\modExport
2020-02-24 14:27:05,171 - 176 - INFO - False
2020-02-24 14:27:05,171 - 111 - INFO - \\TM-FS01\edu\3DDA_18\sem04\rokoko\04_production\Assets\props\wallCornerA\Export\modExport
2020-02-24 14:27:05,174 - 176 - INFO - False
2020-02-24 14:27:05,176 - 111 - INFO - \\TM-FS01\edu\3DDA_18\sem04\rokoko\04_production\Assets\props\wallVentA\Export\modExport
2020-02-24 14:27:05,184 - 176 - INFO - False
2020-02-24 14:27:05,184 - 111 - INFO - \\TM-FS01\edu\3DDA_18\sem04\rokoko\04_production\Assets\props\wallWindowA\Export\modExport
2020-02-24 14:27:05,186 - 176 - INFO - False
2020-02-24 14:27:05,187 - 111 - INFO - \\TM-FS01\edu\3DDA_18\sem04\rokoko\04_production\Assets\props\windowFrameA\Export\modExport
2020-02-24 14:27:05,187 - 176 - INFO - False
2020-02-24 14:27:05,188 - 81 - INFO - Empty directory - Removing
2020-02-24 14:27:05,188 - 82 - INFO - c:\Users\nilas\Documents\maya\2019\modules\autoRigger\assets\backAllyWalls
2020-02-24 14:27:05,188 - 81 - INFO - Empty directory - Removing
2020-02-24 14:27:05,188 - 82 - INFO - c:\Users\nilas\Documents\maya\2019\modules\autoRigger\assets\barCounterA
2020-02-24 14:27:05,190 - 81 - INFO - Empty directory - Removing
2020-02-24 14:27:05,190 - 82 - INFO - c:\Users\nilas\Documents\maya\2019\modules\autoRigger\assets\barrelA
2020-02-24 14:27:05,190 - 81 - INFO - Empty directory - Removing
2020-02-24 14:27:05,190 - 82 - INFO - c:\Users\nilas\Documents\maya\2019\modules\autoRigger\assets\basementStairCaseA
2020-02-24 14:27:05,191 - 81 - INFO - Empty directory - Removing
2020-02-24 14:27:05,191 - 82 - INFO - c:\Users\nilas\Documents\maya\2019\modules\autoRigger\assets\bottleBeerAEmpty
2020-02-24 14:27:05,191 - 81 - INFO - Empty directory - Removing
2020-02-24 14:27:05,191 - 82 - INFO - c:\Users\nilas\Documents\maya\2019\modules\autoRigger\assets\bottleBeerAFull
2020-02-24 14:27:05,194 - 81 - INFO - Empty directory - Removing
2020-02-24 14:27:05,194 - 82 - INFO - c:\Users\nilas\Documents\maya\2019\modules\autoRigger\assets\bottleBeerBEmpty
2020-02-24 14:27:05,194 - 81 - INFO - Empty directory - Removing
2020-02-24 14:27:05,194 - 82 - INFO - c:\Users\nilas\Documents\maya\2019\modules\autoRigger\assets\bottleBeerBFull
2020-02-24 14:27:05,196 - 81 - INFO - Empty directory - Removing
2020-02-24 14:27:05,196 - 82 - INFO - c:\Users\nilas\Documents\maya\2019\modules\autoRigger\assets\bottleBeerCEmpty
2020-02-24 14:27:05,197 - 81 - INFO - Empty directory - Removing
2020-02-24 14:27:05,197 - 82 - INFO - c:\Users\nilas\Documents\maya\2019\modules\autoRigger\assets\bottleBeerCFull
2020-02-24 14:27:05,197 - 81 - INFO - Empty directory - Removing
2020-02-24 14:27:05,197 - 82 - INFO - c:\Users\nilas\Documents\maya\2019\modules\autoRigger\assets\bottleWineAEmpty
2020-02-24 14:27:05,197 - 81 - INFO - Empty directory - Removing
2020-02-24 14:27:05,197 - 82 - INFO - c:\Users\nilas\Documents\maya\2019\modules\autoRigger\assets\bottleWineAFull
2020-02-24 14:27:05,198 - 81 - INFO - Empty directory - Removing
2020-02-24 14:27:05,198 - 82 - INFO - c:\Users\nilas\Documents\maya\2019\modules\autoRigger\assets\brickLargeA
2020-02-24 14:27:05,200 - 81 - INFO - Empty directory - Removing
2020-02-24 14:27:05,200 - 82 - INFO - c:\Users\nilas\Documents\maya\2019\modules\autoRigger\assets\brickSmallA
2020-02-24 14:27:05,200 - 81 - INFO - Empty directory - Removing
2020-02-24 14:27:05,200 - 82 - INFO - c:\Users\nilas\Documents\maya\2019\modules\autoRigger\assets\brickWallSet
2020-02-24 14:27:05,201 - 81 - INFO - Empty directory - Removing
2020-02-24 14:27:05,201 - 82 - INFO - c:\Users\nilas\Documents\maya\2019\modules\autoRigger\assets\bucketA
2020-02-24 14:27:05,203 - 81 - INFO - Empty directory - Removing
2020-02-24 14:27:05,203 - 82 - INFO - c:\Users\nilas\Documents\maya\2019\modules\autoRigger\assets\buildingDoorA
2020-02-24 14:27:05,203 - 81 - INFO - Empty directory - Removing
2020-02-24 14:27:05,203 - 82 - INFO - c:\Users\nilas\Documents\maya\2019\modules\autoRigger\assets\character_male
2020-02-24 14:27:05,204 - 81 - INFO - Empty directory - Removing
2020-02-24 14:27:05,204 - 82 - INFO - c:\Users\nilas\Documents\maya\2019\modules\autoRigger\assets\chesterfieldCouchA
2020-02-24 14:27:05,204 - 81 - INFO - Empty directory - Removing
2020-02-24 14:27:05,204 - 82 - INFO - c:\Users\nilas\Documents\maya\2019\modules\autoRigger\assets\civilianWoman
2020-02-24 14:27:05,206 - 81 - INFO - Empty directory - Removing
2020-02-24 14:27:05,206 - 82 - INFO - c:\Users\nilas\Documents\maya\2019\modules\autoRigger\assets\classyLady
2020-02-24 14:27:05,207 - 81 - INFO - Empty directory - Removing
2020-02-24 14:27:05,207 - 82 - INFO - c:\Users\nilas\Documents\maya\2019\modules\autoRigger\assets\clothesDryingOnRopeA
2020-02-24 14:27:05,207 - 81 - INFO - Empty directory - Removing
2020-02-24 14:27:05,207 - 82 - INFO - c:\Users\nilas\Documents\maya\2019\modules\autoRigger\assets\clothesDryingOnRopeB
2020-02-24 14:27:05,209 - 81 - INFO - Empty directory - Removing
2020-02-24 14:27:05,209 - 82 - INFO - c:\Users\nilas\Documents\maya\2019\modules\autoRigger\assets\clothesDryingOnRopeC
2020-02-24 14:27:05,210 - 81 - INFO - Empty directory - Removing
2020-02-24 14:27:05,210 - 82 - INFO - c:\Users\nilas\Documents\maya\2019\modules\autoRigger\assets\coatRackA
2020-02-24 14:27:05,210 - 81 - INFO - Empty directory - Removing
2020-02-24 14:27:05,210 - 82 - INFO - c:\Users\nilas\Documents\maya\2019\modules\autoRigger\assets\debrisA
2020-02-24 14:27:05,210 - 81 - INFO - Empty directory - Removing
2020-02-24 14:27:05,211 - 82 - INFO - c:\Users\nilas\Documents\maya\2019\modules\autoRigger\assets\debrisB
2020-02-24 14:27:05,211 - 81 - INFO - Empty directory - Removing
2020-02-24 14:27:05,211 - 82 - INFO - c:\Users\nilas\Documents\maya\2019\modules\autoRigger\assets\debrisC
2020-02-24 14:27:05,213 - 81 - INFO - Empty directory - Removing
2020-02-24 14:27:05,213 - 82 - INFO - c:\Users\nilas\Documents\maya\2019\modules\autoRigger\assets\doorClubA
2020-02-24 14:27:05,213 - 81 - INFO - Empty directory - Removing
2020-02-24 14:27:05,213 - 82 - INFO - c:\Users\nilas\Documents\maya\2019\modules\autoRigger\assets\drainPipeA
2020-02-24 14:27:05,213 - 85 - INFO - Not empty directory
2020-02-24 14:27:05,214 - 81 - INFO - Empty directory - Removing
2020-02-24 14:27:05,214 - 82 - INFO - c:\Users\nilas\Documents\maya\2019\modules\autoRigger\assets\fenchA
2020-02-24 14:27:05,214 - 81 - INFO - Empty directory - Removing
2020-02-24 14:27:05,214 - 82 - INFO - c:\Users\nilas\Documents\maya\2019\modules\autoRigger\assets\fenchDoor
2020-02-24 14:27:05,216 - 81 - INFO - Empty directory - Removing
2020-02-24 14:27:05,216 - 82 - INFO - c:\Users\nilas\Documents\maya\2019\modules\autoRigger\assets\fireEscapeA
2020-02-24 14:27:05,217 - 81 - INFO - Empty directory - Removing
2020-02-24 14:27:05,217 - 82 - INFO - c:\Users\nilas\Documents\maya\2019\modules\autoRigger\assets\floorMap
2020-02-24 14:27:05,217 - 81 - INFO - Empty directory - Removing
2020-02-24 14:27:05,217 - 82 - INFO - c:\Users\nilas\Documents\maya\2019\modules\autoRigger\assets\hobo
2020-02-24 14:27:05,217 - 81 - INFO - Empty directory - Removing
2020-02-24 14:27:05,219 - 82 - INFO - c:\Users\nilas\Documents\maya\2019\modules\autoRigger\assets\iceBucketA
2020-02-24 14:27:05,220 - 81 - INFO - Empty directory - Removing
2020-02-24 14:27:05,220 - 82 - INFO - c:\Users\nilas\Documents\maya\2019\modules\autoRigger\assets\ladderA
2020-02-24 14:27:05,220 - 81 - INFO - Empty directory - Removing
2020-02-24 14:27:05,220 - 82 - INFO - c:\Users\nilas\Documents\maya\2019\modules\autoRigger\assets\loungueSofaA
2020-02-24 14:27:05,220 - 81 - INFO - Empty directory - Removing
2020-02-24 14:27:05,220 - 82 - INFO - c:\Users\nilas\Documents\maya\2019\modules\autoRigger\assets\mafiaBoss
2020-02-24 14:27:05,221 - 81 - INFO - Empty directory - Removing
2020-02-24 14:27:05,221 - 82 - INFO - c:\Users\nilas\Documents\maya\2019\modules\autoRigger\assets\mafiasoldier
2020-02-24 14:27:05,221 - 87 - INFO - The path is either a file or not valid
2020-02-24 14:27:05,223 - 81 - INFO - Empty directory - Removing
2020-02-24 14:27:05,223 - 82 - INFO - c:\Users\nilas\Documents\maya\2019\modules\autoRigger\assets\neonSignTruemax
2020-02-24 14:27:05,223 - 81 - INFO - Empty directory - Removing
2020-02-24 14:27:05,223 - 82 - INFO - c:\Users\nilas\Documents\maya\2019\modules\autoRigger\assets\officeWallA
2020-02-24 14:27:05,223 - 81 - INFO - Empty directory - Removing
2020-02-24 14:27:05,223 - 82 - INFO - c:\Users\nilas\Documents\maya\2019\modules\autoRigger\assets\oilDrumA
2020-02-24 14:27:05,224 - 81 - INFO - Empty directory - Removing
2020-02-24 14:27:05,224 - 82 - INFO - c:\Users\nilas\Documents\maya\2019\modules\autoRigger\assets\phoneA
2020-02-24 14:27:05,224 - 81 - INFO - Empty directory - Removing
2020-02-24 14:27:05,226 - 82 - INFO - c:\Users\nilas\Documents\maya\2019\modules\autoRigger\assets\picketFenceA
2020-02-24 14:27:05,226 - 81 - INFO - Empty directory - Removing
2020-02-24 14:27:05,226 - 82 - INFO - c:\Users\nilas\Documents\maya\2019\modules\autoRigger\assets\picketFenceB
2020-02-24 14:27:05,226 - 81 - INFO - Empty directory - Removing
2020-02-24 14:27:05,226 - 82 - INFO - c:\Users\nilas\Documents\maya\2019\modules\autoRigger\assets\picketFenceC
2020-02-24 14:27:05,227 - 81 - INFO - Empty directory - Removing
2020-02-24 14:27:05,227 - 82 - INFO - c:\Users\nilas\Documents\maya\2019\modules\autoRigger\assets\plankA
2020-02-24 14:27:05,229 - 81 - INFO - Empty directory - Removing
2020-02-24 14:27:05,229 - 82 - INFO - c:\Users\nilas\Documents\maya\2019\modules\autoRigger\assets\plankB
2020-02-24 14:27:05,230 - 81 - INFO - Empty directory - Removing
2020-02-24 14:27:05,230 - 82 - INFO - c:\Users\nilas\Documents\maya\2019\modules\autoRigger\assets\poorWallA
2020-02-24 14:27:05,230 - 81 - INFO - Empty directory - Removing
2020-02-24 14:27:05,230 - 82 - INFO - c:\Users\nilas\Documents\maya\2019\modules\autoRigger\assets\redCarpetA
2020-02-24 14:27:05,230 - 81 - INFO - Empty directory - Removing
2020-02-24 14:27:05,230 - 82 - INFO - c:\Users\nilas\Documents\maya\2019\modules\autoRigger\assets\roofRailingA
2020-02-24 14:27:05,232 - 81 - INFO - Empty directory - Removing
2020-02-24 14:27:05,232 - 82 - INFO - c:\Users\nilas\Documents\maya\2019\modules\autoRigger\assets\roofRailingCornerA
2020-02-24 14:27:05,232 - 81 - INFO - Empty directory - Removing
2020-02-24 14:27:05,232 - 82 - INFO - c:\Users\nilas\Documents\maya\2019\modules\autoRigger\assets\roofRailingcornerB
2020-02-24 14:27:05,233 - 81 - INFO - Empty directory - Removing
2020-02-24 14:27:05,233 - 82 - INFO - c:\Users\nilas\Documents\maya\2019\modules\autoRigger\assets\sideWalkA
2020-02-24 14:27:05,233 - 87 - INFO - The path is either a file or not valid
2020-02-24 14:27:05,233 - 87 - INFO - The path is either a file or not valid
2020-02-24 14:27:05,233 - 87 - INFO - The path is either a file or not valid
2020-02-24 14:27:05,233 - 87 - INFO - The path is either a file or not valid
2020-02-24 14:27:05,233 - 81 - INFO - Empty directory - Removing
2020-02-24 14:27:05,233 - 82 - INFO - c:\Users\nilas\Documents\maya\2019\modules\autoRigger\assets\smallWindowA
2020-02-24 14:27:05,234 - 81 - INFO - Empty directory - Removing
2020-02-24 14:27:05,234 - 82 - INFO - c:\Users\nilas\Documents\maya\2019\modules\autoRigger\assets\stageA
2020-02-24 14:27:05,236 - 81 - INFO - Empty directory - Removing
2020-02-24 14:27:05,236 - 82 - INFO - c:\Users\nilas\Documents\maya\2019\modules\autoRigger\assets\tableA
2020-02-24 14:27:05,236 - 81 - INFO - Empty directory - Removing
2020-02-24 14:27:05,236 - 82 - INFO - c:\Users\nilas\Documents\maya\2019\modules\autoRigger\assets\tableLampA
2020-02-24 14:27:05,236 - 81 - INFO - Empty directory - Removing
2020-02-24 14:27:05,236 - 82 - INFO - c:\Users\nilas\Documents\maya\2019\modules\autoRigger\assets\telephoneA
2020-02-24 14:27:05,237 - 81 - INFO - Empty directory - Removing
2020-02-24 14:27:05,237 - 82 - INFO - c:\Users\nilas\Documents\maya\2019\modules\autoRigger\assets\tommyGunA
2020-02-24 14:27:05,239 - 81 - INFO - Empty directory - Removing
2020-02-24 14:27:05,239 - 82 - INFO - c:\Users\nilas\Documents\maya\2019\modules\autoRigger\assets\trashBagA
2020-02-24 14:27:05,239 - 81 - INFO - Empty directory - Removing
2020-02-24 14:27:05,239 - 82 - INFO - c:\Users\nilas\Documents\maya\2019\modules\autoRigger\assets\trashcanA
2020-02-24 14:27:05,240 - 81 - INFO - Empty directory - Removing
2020-02-24 14:27:05,240 - 82 - INFO - c:\Users\nilas\Documents\maya\2019\modules\autoRigger\assets\trinetteKitchenA
2020-02-24 14:27:05,240 - 81 - INFO - Empty directory - Removing
2020-02-24 14:27:05,240 - 82 - INFO - c:\Users\nilas\Documents\maya\2019\modules\autoRigger\assets\wallBaseA
2020-02-24 14:27:05,240 - 81 - INFO - Empty directory - Removing
2020-02-24 14:27:05,240 - 82 - INFO - c:\Users\nilas\Documents\maya\2019\modules\autoRigger\assets\wallClubA
2020-02-24 14:27:05,242 - 81 - INFO - Empty directory - Removing
2020-02-24 14:27:05,242 - 82 - INFO - c:\Users\nilas\Documents\maya\2019\modules\autoRigger\assets\wallCornerA
2020-02-24 14:27:05,243 - 81 - INFO - Empty directory - Removing
2020-02-24 14:27:05,243 - 82 - INFO - c:\Users\nilas\Documents\maya\2019\modules\autoRigger\assets\wallVentA
2020-02-24 14:27:05,243 - 81 - INFO - Empty directory - Removing
2020-02-24 14:27:05,243 - 82 - INFO - c:\Users\nilas\Documents\maya\2019\modules\autoRigger\assets\wallWindowA
2020-02-24 14:27:05,243 - 85 - INFO - Not empty directory
2020-02-24 14:27:05,244 - 81 - INFO - Empty directory - Removing
2020-02-24 14:27:05,244 - 82 - INFO - c:\Users\nilas\Documents\maya\2019\modules\autoRigger\assets\windowFrameA
2020-02-24 14:27:05,244 - 236 - DEBUG - 

